{
  "RSpec": {
    "coverage": {
      "/home/practical-view-4c03/tic-tac-toe-rb-online-web-sp-000/lib/tic_tac_toe.rb": [
        null,
        1,
        null,
        null,
        null,
        null,
        null,
        null,
        null,
        null,
        null,
        1,
        22,
        22,
        22,
        22,
        22,
        null,
        null,
        1,
        20,
        null,
        null,
        1,
        19,
        null,
        null,
        1,
        20,
        17,
        null,
        3,
        null,
        null,
        null,
        1,
        18,
        18,
        162,
        30,
        null,
        null,
        18,
        null,
        null,
        1,
        17,
        null,
        null,
        1,
        17,
        17,
        17,
        17,
        16,
        null,
        1,
        null,
        17,
        null,
        null,
        1,
        102,
        733,
        733,
        733,
        null,
        733,
        null,
        733,
        null,
        733,
        null,
        733,
        29,
        null,
        null,
        73,
        null,
        null,
        1,
        201,
        null,
        null,
        1,
        272,
        240,
        0,
        null,
        32,
        0,
        null,
        null,
        null,
        1,
        35,
        5,
        0,
        0,
        30,
        30,
        null,
        null,
        null,
        null,
        1,
        19,
        10,
        null,
        null,
        null,
        1,
        5,
        4,
        null,
        null,
        null,
        1,
        12,
        15,
        15,
        1,
        1,
        14,
        0,
        null,
        null,
        null
      ]
    },
    "timestamp": 1617899320
  }
}
