{
  "RSpec": {
    "coverage": {
      "/home/practical-view-4c03/tic-tac-toe-rb-online-web-sp-000/lib/tic_tac_toe.rb": [
        null,
        1,
        null,
        null,
        null,
        null,
        null,
        null,
        null,
        null,
        null,
        1,
        5,
        5,
        5,
        5,
        5,
        null,
        null,
        1,
        12,
        null,
        null,
        1,
        0,
        null,
        null,
        1,
        12,
        9,
        null,
        3,
        null,
        null,
        null,
        1,
        2,
        2,
        18,
        5,
        null,
        null,
        2,
        null,
        null,
        1,
        1,
        null,
        null,
        1,
        9,
        9,
        9,
        9,
        8,
        0,
        null,
        1,
        0,
        null,
        null,
        null,
        1,
        57,
        276,
        276,
        276,
        null,
        276,
        null,
        276,
        null,
        276,
        null,
        276,
        38,
        null,
        null,
        19,
        null,
        null,
        1,
        97,
        null,
        null,
        1,
        108,
        67,
        0,
        null,
        41,
        0,
        null,
        null,
        null,
        1,
        17,
        7,
        0,
        0,
        10,
        10,
        null,
        null,
        null,
        null,
        1,
        11,
        8,
        null,
        null,
        null,
        1,
        10,
        9,
        null,
        null,
        null,
        1,
        0,
        0,
        0,
        0,
        null,
        null,
        null,
        1,
        12,
        6,
        null,
        6,
        4,
        4,
        2,
        2,
        null,
        null
      ]
    },
    "timestamp": 1617897896
  }
}
